<?xml version="1.0" encoding="UTF-8"?>
<!-- Generated by org.testng.reporters.JUnitXMLReporter -->
<testsuite hostname="BDC6-DX-84HRX52" ignored="0" name="Test" tests="9" failures="1" timestamp="2020-01-22T09:46:54 IST" time="125.367" errors="0">
  <testcase name="DataInfo" time="24.986" classname="testngdemos.webpage2"/>
  <testcase name="DataInfo" time="9.916" classname="testngdemos.webpage2">
    <failure type="org.openqa.selenium.WebDriverException" message="unknown error: cannot determine loading status
from disconnected: received Inspector.detached event
  (Session info: chrome=79.0.3945.130)
Build info: version: &amp;apos;3.141.59&amp;apos;, revision: &amp;apos;e82be7d358&amp;apos;, time: &amp;apos;2018-11-14T08:17:03&amp;apos;
System info: host: &amp;apos;BDC6-DX-84HRX52&amp;apos;, ip: &amp;apos;10.116.208.216&amp;apos;, os.name: &amp;apos;Windows 10&amp;apos;, os.arch: &amp;apos;amd64&amp;apos;, os.version: &amp;apos;10.0&amp;apos;, java.version: &amp;apos;1.8.0_231&amp;apos;
Driver info: org.openqa.selenium.chrome.ChromeDriver
Capabilities {acceptInsecureCerts: false, browserName: chrome, browserVersion: 79.0.3945.130, chrome: {chromedriverVersion: 79.0.3945.36 (3582db32b3389..., userDataDir: C:\Users\TRAINI~1.07\AppDat...}, goog:chromeOptions: {debuggerAddress: localhost:54938}, javascriptEnabled: true, networkConnectionEnabled: false, pageLoadStrategy: normal, platform: WINDOWS, platformName: WINDOWS, proxy: Proxy(), setWindowRect: true, strictFileInteractability: false, timeouts: {implicit: 0, pageLoad: 300000, script: 30000}, unhandledPromptBehavior: dismiss and notify}
Session ID: 3ba9fc86b62b25a032cc792a6f4d36a0">
      <![CDATA[org.openqa.selenium.WebDriverException: unknown error: cannot determine loading status
from disconnected: received Inspector.detached event
  (Session info: chrome=79.0.3945.130)
Build info: version: '3.141.59', revision: 'e82be7d358', time: '2018-11-14T08:17:03'
System info: host: 'BDC6-DX-84HRX52', ip: '10.116.208.216', os.name: 'Windows 10', os.arch: 'amd64', os.version: '10.0', java.version: '1.8.0_231'
Driver info: org.openqa.selenium.chrome.ChromeDriver
Capabilities {acceptInsecureCerts: false, browserName: chrome, browserVersion: 79.0.3945.130, chrome: {chromedriverVersion: 79.0.3945.36 (3582db32b3389..., userDataDir: C:\Users\TRAINI~1.07\AppDat...}, goog:chromeOptions: {debuggerAddress: localhost:54938}, javascriptEnabled: true, networkConnectionEnabled: false, pageLoadStrategy: normal, platform: WINDOWS, platformName: WINDOWS, proxy: Proxy(), setWindowRect: true, strictFileInteractability: false, timeouts: {implicit: 0, pageLoad: 300000, script: 30000}, unhandledPromptBehavior: dismiss and notify}
Session ID: 3ba9fc86b62b25a032cc792a6f4d36a0
at org.openqa.selenium.remote.http.W3CHttpResponseCodec.createException(W3CHttpResponseCodec.java:187)
at org.openqa.selenium.remote.http.W3CHttpResponseCodec.decode(W3CHttpResponseCodec.java:122)
at org.openqa.selenium.remote.http.W3CHttpResponseCodec.decode(W3CHttpResponseCodec.java:49)
at org.openqa.selenium.remote.HttpCommandExecutor.execute(HttpCommandExecutor.java:158)
at org.openqa.selenium.remote.service.DriverCommandExecutor.execute(DriverCommandExecutor.java:83)
at org.openqa.selenium.remote.RemoteWebDriver.execute(RemoteWebDriver.java:552)
at org.openqa.selenium.remote.RemoteWebDriver.get(RemoteWebDriver.java:277)
at testngdemos.webpage2.DataInfo(webpage2.java:16)
at java.util.ArrayList.forEach(ArrayList.java:1257)
... Removed 31 stack frames]]>
    </failure>
  </testcase> <!-- DataInfo -->
  <testcase name="DataInfo" time="14.626" classname="testngdemos.webpage2"/>
  <testcase name="verifyHomePageTitle1" time="12.383" classname="testngdemos.Assertweb"/>
  <testcase name="verifyHomePageTitle11" time="11.85" classname="testngdemos.Assertweb"/>
  <testcase name="verifyHomePageTitle16" time="12.221" classname="testngdemos.Assertweb"/>
  <testcase name="verifyHomePageTitle2" time="13.503" classname="testngdemos.Assertweb"/>
  <testcase name="verifyHomePageTitle3" time="13.892" classname="testngdemos.Assertweb"/>
  <testcase name="verifyHomePageTitle4" time="11.877" classname="testngdemos.Assertweb"/>
</testsuite> <!-- Test -->
